2022-11-10 17:13:40,893 - elsapy.elsclient - INFO - Module loaded.
2022-11-10 17:14:00,843 - elsapy.elsclient - INFO - Module loaded.
2022-11-10 17:14:01,324 - elsapy.elsentity - INFO - Module loaded.
2022-11-10 17:14:01,325 - elsapy.utils - INFO - Module loaded.
2022-11-10 17:14:01,325 - elsapy.elsprofile - INFO - Module loaded.
2022-11-10 17:14:01,326 - elsapy.elsdoc - INFO - Module loaded.
2022-11-10 17:14:01,327 - elsapy.elssearch - INFO - Module loaded.
2022-11-10 17:14:28,605 - elsapy.elsclient - INFO - Module loaded.
2022-11-10 17:14:28,978 - elsapy.elsentity - INFO - Module loaded.
2022-11-10 17:14:28,979 - elsapy.utils - INFO - Module loaded.
2022-11-10 17:14:28,979 - elsapy.elsprofile - INFO - Module loaded.
2022-11-10 17:14:28,980 - elsapy.elsdoc - INFO - Module loaded.
2022-11-10 17:14:28,981 - elsapy.elssearch - INFO - Module loaded.
2022-11-10 17:15:41,973 - elsapy.elsclient - INFO - Module loaded.
2022-11-10 17:15:42,347 - elsapy.elsentity - INFO - Module loaded.
2022-11-10 17:15:42,348 - elsapy.utils - INFO - Module loaded.
2022-11-10 17:15:42,348 - elsapy.elsprofile - INFO - Module loaded.
2022-11-10 17:15:42,349 - elsapy.elsdoc - INFO - Module loaded.
2022-11-10 17:15:42,349 - elsapy.elssearch - INFO - Module loaded.
2022-11-10 17:15:42,974 - elsapy.elsclient - INFO - Sending GET request to https://api.elsevier.com/content/author/author_id/7004367821
2022-11-10 17:15:43,465 - elsapy.elsentity - INFO - Data loaded for https://api.elsevier.com/content/author/author_id/7004367821
2022-11-10 17:15:43,485 - elsapy.elsentity - INFO - Wrote https://api.elsevier.com/content/author/author_id/7004367821 to file
2022-11-10 17:15:44,465 - elsapy.elsclient - INFO - Sending GET request to https://api.elsevier.com/content/affiliation/affiliation_id/60101411
2022-11-10 17:15:44,724 - elsapy.elsentity - INFO - Data loaded for https://api.elsevier.com/content/affiliation/affiliation_id/60101411
2022-11-10 17:15:44,729 - elsapy.elsentity - INFO - Wrote https://api.elsevier.com/content/affiliation/affiliation_id/60101411 to file
2022-11-10 17:15:45,724 - elsapy.elsclient - INFO - Sending GET request to https://api.elsevier.com/content/abstract/scopus_id/84872135457
2022-11-10 17:15:46,717 - elsapy.elsentity - INFO - Data loaded for https://api.elsevier.com/content/abstract/scopus_id/84872135457
2022-11-10 17:15:46,782 - elsapy.elsentity - INFO - Wrote https://api.elsevier.com/content/abstract/scopus_id/84872135457 to file
2022-11-10 17:15:47,716 - elsapy.elsclient - INFO - Sending GET request to https://api.elsevier.com/content/article/pii/S1674927814000082
2022-11-10 17:15:48,523 - elsapy.elsentity - INFO - Data loaded for https://api.elsevier.com/content/article/pii/S1674927814000082
2022-11-10 17:15:48,527 - elsapy.elsentity - INFO - Wrote https://api.elsevier.com/content/article/pii/S1674927814000082 to file
2022-11-10 17:15:49,524 - elsapy.elsclient - INFO - Sending GET request to https://api.elsevier.com/content/article/doi/10.1016/S1525-1578(10)60571-5
2022-11-10 17:15:50,409 - elsapy.elsentity - INFO - Data loaded for https://api.elsevier.com/content/article/doi/10.1016/S1525-1578(10)60571-5
2022-11-10 17:15:50,415 - elsapy.elsentity - INFO - Wrote https://api.elsevier.com/content/article/doi/10.1016/S1525-1578(10)60571-5 to file
2022-11-10 17:15:55,659 - elsapy.elsclient - INFO - Sending GET request to https://api.elsevier.com/content/author/author_id/7004367821?view=documents
2022-11-10 17:15:55,926 - elsapy.elsprofile - WARNING - ('HTTP 400 Error from https://api.elsevier.com/content/author/author_id/7004367821?view=documents\nand using headers {\'X-ELS-APIKey\': \'a52aa77e37385cf7127cd24fbfa90e76\', \'User-Agent\': \'elsapy-v0.5.1\', \'Accept\': \'application/json\'}:\n{"service-error":{"status":{"statusCode":"INVALID_INPUT","statusText":"View parameter entered is not valid for this service"}}}',)
2022-11-10 17:15:56,927 - elsapy.elsclient - INFO - Sending GET request to https://api.elsevier.com/content/affiliation/affiliation_id/60101411?view=documents
2022-11-10 17:15:57,163 - elsapy.elsprofile - WARNING - ('HTTP 400 Error from https://api.elsevier.com/content/affiliation/affiliation_id/60101411?view=documents\nand using headers {\'X-ELS-APIKey\': \'a52aa77e37385cf7127cd24fbfa90e76\', \'User-Agent\': \'elsapy-v0.5.1\', \'Accept\': \'application/json\'}:\n{"service-error":{"status":{"statusCode":"INVALID_INPUT","statusText":"View parameter entered is not valid for this service"}}}',)
2022-11-10 17:15:58,164 - elsapy.elsclient - INFO - Sending GET request to https://api.elsevier.com/content/search/author?query=authlast%28keuskamp%29
2022-11-10 17:15:59,464 - elsapy.elsclient - INFO - Sending GET request to https://api.elsevier.com/content/search/affiliation?query=affil%28amsterdam%29
2022-11-10 17:16:00,874 - elsapy.elsclient - INFO - Sending GET request to https://api.elsevier.com/content/search/scopus?query=AFFIL%28dartmouth%29+AND+AUTHOR-NAME%28lewis%29+AND+PUBYEAR+%3E+2011
2022-11-10 17:16:04,766 - elsapy.elsclient - INFO - Sending GET request to https://api.elsevier.com/content/search/scopus?start=25&count=25&query=AFFIL%28dartmouth%29+AND+AUTHOR-NAME%28lewis%29+AND+PUBYEAR+%3E+2011
2022-11-10 17:16:07,238 - elsapy.elsclient - INFO - Sending GET request to https://api.elsevier.com/content/search/scopus?start=50&count=25&query=AFFIL%28dartmouth%29+AND+AUTHOR-NAME%28lewis%29+AND+PUBYEAR+%3E+2011
2022-11-10 17:16:10,533 - elsapy.elsclient - INFO - Sending GET request to https://api.elsevier.com/content/search/scopus?start=75&count=25&query=AFFIL%28dartmouth%29+AND+AUTHOR-NAME%28lewis%29+AND+PUBYEAR+%3E+2011
2022-11-10 17:16:12,955 - elsapy.elsclient - INFO - Sending GET request to https://api.elsevier.com/content/search/scopus?start=100&count=25&query=AFFIL%28dartmouth%29+AND+AUTHOR-NAME%28lewis%29+AND+PUBYEAR+%3E+2011
2022-11-10 17:16:15,203 - elsapy.elsclient - INFO - Sending GET request to https://api.elsevier.com/content/search/scopus?start=125&count=25&query=AFFIL%28dartmouth%29+AND+AUTHOR-NAME%28lewis%29+AND+PUBYEAR+%3E+2011
2022-11-10 17:16:19,311 - elsapy.elsclient - INFO - Sending GET request to https://api.elsevier.com/content/search/scopus?start=150&count=25&query=AFFIL%28dartmouth%29+AND+AUTHOR-NAME%28lewis%29+AND+PUBYEAR+%3E+2011
2022-11-10 17:16:21,309 - elsapy.elsclient - INFO - Sending GET request to https://api.elsevier.com/content/search/scopus?start=175&count=25&query=AFFIL%28dartmouth%29+AND+AUTHOR-NAME%28lewis%29+AND+PUBYEAR+%3E+2011
2022-11-10 17:16:23,283 - elsapy.elsclient - INFO - Sending GET request to https://api.elsevier.com/content/search/scopus?start=200&count=25&query=AFFIL%28dartmouth%29+AND+AUTHOR-NAME%28lewis%29+AND+PUBYEAR+%3E+2011
2022-11-10 17:16:25,887 - elsapy.elsclient - INFO - Sending GET request to https://api.elsevier.com/content/search/scopus?start=225&count=25&query=AFFIL%28dartmouth%29+AND+AUTHOR-NAME%28lewis%29+AND+PUBYEAR+%3E+2011
2022-11-10 17:16:28,252 - elsapy.elsclient - INFO - Sending GET request to https://api.elsevier.com/content/search/scopus?start=250&count=25&query=AFFIL%28dartmouth%29+AND+AUTHOR-NAME%28lewis%29+AND+PUBYEAR+%3E+2011
2022-11-10 17:16:31,643 - elsapy.elsclient - INFO - Sending GET request to https://api.elsevier.com/content/search/scopus?start=275&count=25&query=AFFIL%28dartmouth%29+AND+AUTHOR-NAME%28lewis%29+AND+PUBYEAR+%3E+2011
2022-11-10 17:16:34,436 - elsapy.elsclient - INFO - Sending GET request to https://api.elsevier.com/content/search/scopus?start=300&count=25&query=AFFIL%28dartmouth%29+AND+AUTHOR-NAME%28lewis%29+AND+PUBYEAR+%3E+2011
2022-11-10 17:16:36,861 - elsapy.elsclient - INFO - Sending GET request to https://api.elsevier.com/content/search/scopus?start=325&count=25&query=AFFIL%28dartmouth%29+AND+AUTHOR-NAME%28lewis%29+AND+PUBYEAR+%3E+2011
2022-11-10 17:16:40,177 - elsapy.elsclient - INFO - Sending GET request to https://api.elsevier.com/content/search/scopus?start=350&count=25&query=AFFIL%28dartmouth%29+AND+AUTHOR-NAME%28lewis%29+AND+PUBYEAR+%3E+2011
2022-11-10 17:16:40,883 - elsapy.utils - INFO - Converting prism:coverDate
2022-11-10 17:16:41,867 - elsapy.elsclient - INFO - Sending GET request to https://api.elsevier.com/content/search/sciencedirect?query=star+trek+vs+star+wars
2022-11-10 17:16:42,177 - elsapy.utils - INFO - Converting prism:coverDate
2022-11-10 17:21:38,379 - elsapy.elsclient - INFO - Module loaded.
2022-11-10 17:21:38,772 - elsapy.elsentity - INFO - Module loaded.
2022-11-10 17:21:38,773 - elsapy.utils - INFO - Module loaded.
2022-11-10 17:21:38,773 - elsapy.elsprofile - INFO - Module loaded.
2022-11-10 17:21:38,774 - elsapy.elsdoc - INFO - Module loaded.
2022-11-10 17:21:38,774 - elsapy.elssearch - INFO - Module loaded.
2022-11-10 17:21:39,380 - elsapy.elsclient - INFO - Sending GET request to https://api.elsevier.com/content/search/author?query=authid%280000-0002-5234-7415%29
2022-11-10 17:23:57,932 - elsapy.elsclient - INFO - Module loaded.
2022-11-10 17:23:58,310 - elsapy.elsentity - INFO - Module loaded.
2022-11-10 17:23:58,311 - elsapy.utils - INFO - Module loaded.
2022-11-10 17:23:58,311 - elsapy.elsprofile - INFO - Module loaded.
2022-11-10 17:23:58,312 - elsapy.elsdoc - INFO - Module loaded.
2022-11-10 17:23:58,313 - elsapy.elssearch - INFO - Module loaded.
2022-11-10 17:23:58,933 - elsapy.elsclient - INFO - Sending GET request to https://api.elsevier.com/content/search/author?query=orcid%280000-0002-5234-7415%29
2022-11-10 17:27:13,639 - elsapy.elsclient - INFO - Module loaded.
2022-11-10 17:27:14,013 - elsapy.elsentity - INFO - Module loaded.
2022-11-10 17:27:14,014 - elsapy.utils - INFO - Module loaded.
2022-11-10 17:27:14,014 - elsapy.elsprofile - INFO - Module loaded.
2022-11-10 17:27:14,015 - elsapy.elsdoc - INFO - Module loaded.
2022-11-10 17:27:14,015 - elsapy.elssearch - INFO - Module loaded.
2022-11-10 17:27:14,641 - elsapy.elsclient - INFO - Sending GET request to https://api.elsevier.com/content/search/scopus?query=orcid%280000-0002-5234-7415%29
2022-11-10 17:27:16,293 - elsapy.utils - INFO - Converting prism:coverDate
2022-11-10 17:29:01,793 - elsapy.elsclient - INFO - Module loaded.
2022-11-10 17:29:02,160 - elsapy.elsentity - INFO - Module loaded.
2022-11-10 17:29:02,161 - elsapy.utils - INFO - Module loaded.
2022-11-10 17:29:02,161 - elsapy.elsprofile - INFO - Module loaded.
2022-11-10 17:29:02,162 - elsapy.elsdoc - INFO - Module loaded.
2022-11-10 17:29:02,162 - elsapy.elssearch - INFO - Module loaded.
2022-11-10 17:29:02,794 - elsapy.elsclient - INFO - Sending GET request to https://api.elsevier.com/content/search/scopus?query=orcid%280000-0002-5234-7415%29
2022-11-10 17:29:04,661 - elsapy.utils - INFO - Converting prism:coverDate
2022-11-10 17:30:47,192 - elsapy.elsclient - INFO - Module loaded.
2022-11-10 17:30:47,569 - elsapy.elsentity - INFO - Module loaded.
2022-11-10 17:30:47,569 - elsapy.utils - INFO - Module loaded.
2022-11-10 17:30:47,570 - elsapy.elsprofile - INFO - Module loaded.
2022-11-10 17:30:47,570 - elsapy.elsdoc - INFO - Module loaded.
2022-11-10 17:30:47,571 - elsapy.elssearch - INFO - Module loaded.
2022-11-10 17:30:48,193 - elsapy.elsclient - INFO - Sending GET request to https://api.elsevier.com/content/search/scopus?query=orcid%280000-0002-5234-7415%29
2022-11-10 17:30:50,068 - elsapy.elsclient - INFO - Sending GET request to https://api.elsevier.com/content/search/scopus?start=25&count=25&query=orcid%280000-0002-5234-7415%29
2022-11-10 17:30:52,297 - elsapy.elsclient - INFO - Sending GET request to https://api.elsevier.com/content/search/scopus?start=50&count=25&query=orcid%280000-0002-5234-7415%29
2022-11-10 17:30:54,222 - elsapy.elsclient - INFO - Sending GET request to https://api.elsevier.com/content/search/scopus?start=75&count=25&query=orcid%280000-0002-5234-7415%29
2022-11-10 17:30:56,440 - elsapy.elsclient - INFO - Sending GET request to https://api.elsevier.com/content/search/scopus?start=100&count=25&query=orcid%280000-0002-5234-7415%29
2022-11-10 17:30:57,065 - elsapy.utils - INFO - Converting prism:coverDate
