2026-04-17 14:35:38,877 - elsapy.elsclient - INFO - Module loaded.
2026-04-17 14:38:58,751 - elsapy.elsclient - INFO - Module loaded.
2026-04-17 14:39:03,462 - elsapy.elsentity - INFO - Module loaded.
2026-04-17 14:39:03,470 - elsapy.utils - INFO - Module loaded.
2026-04-17 14:39:03,475 - elsapy.elsprofile - INFO - Module loaded.
2026-04-17 14:39:03,484 - elsapy.elsdoc - INFO - Module loaded.
2026-04-17 14:39:03,494 - elsapy.elssearch - INFO - Module loaded.
2026-04-17 14:42:56,734 - elsapy.elsclient - INFO - Module loaded.
2026-04-17 14:42:57,174 - elsapy.elsentity - INFO - Module loaded.
2026-04-17 14:42:57,180 - elsapy.utils - INFO - Module loaded.
2026-04-17 14:42:57,186 - elsapy.elsprofile - INFO - Module loaded.
2026-04-17 14:42:57,190 - elsapy.elsdoc - INFO - Module loaded.
2026-04-17 14:42:57,195 - elsapy.elssearch - INFO - Module loaded.
2026-04-17 14:43:17,173 - elsapy.elsclient - INFO - Module loaded.
2026-04-17 14:43:17,545 - elsapy.elsentity - INFO - Module loaded.
2026-04-17 14:43:17,553 - elsapy.utils - INFO - Module loaded.
2026-04-17 14:43:17,558 - elsapy.elsprofile - INFO - Module loaded.
2026-04-17 14:43:17,564 - elsapy.elsdoc - INFO - Module loaded.
2026-04-17 14:43:17,570 - elsapy.elssearch - INFO - Module loaded.
2026-04-17 14:43:18,179 - elsapy.elsclient - INFO - Sending GET request to https://api.elsevier.com/content/search/scopus?query=AU-ID%28+6602566280%29+AND+PUBYEAR+%3E+2022+AND+PUBYEAR+%3C+2024
2026-04-17 14:43:20,527 - elsapy.elsclient - INFO - Sending GET request to https://api.elsevier.com/content/search/scopus?start=25&count=25&query=AU-ID%28+6602566280%29+AND+PUBYEAR+%3E+2022+AND+PUBYEAR+%3C+2024
2026-04-17 14:43:21,183 - elsapy.utils - INFO - Converting prism:coverDate
2026-04-17 14:43:22,172 - elsapy.elsclient - INFO - Sending GET request to https://api.elsevier.com/content/search/scopus?query=AU-ID%28+57935194100%29+AND+PUBYEAR+%3E+2022+AND+PUBYEAR+%3C+2024
2026-04-17 14:43:23,510 - elsapy.elsclient - INFO - Sending GET request to https://api.elsevier.com/content/search/scopus?query=AU-ID%28+57222546282%29+AND+PUBYEAR+%3E+2022+AND+PUBYEAR+%3C+2024
2026-04-17 14:43:24,856 - elsapy.elsclient - INFO - Sending GET request to https://api.elsevier.com/content/search/scopus?query=AU-ID%28+55775348600%29+AND+PUBYEAR+%3E+2022+AND+PUBYEAR+%3C+2024
2026-04-17 14:43:25,352 - elsapy.utils - INFO - Converting prism:coverDate
2026-04-17 14:43:26,351 - elsapy.elsclient - INFO - Sending GET request to https://api.elsevier.com/content/search/scopus?query=AU-ID%28+57217656691%29+AND+PUBYEAR+%3E+2022+AND+PUBYEAR+%3C+2024
2026-04-17 14:43:27,148 - elsapy.utils - INFO - Converting prism:coverDate
2026-04-17 14:43:28,125 - elsapy.elsclient - INFO - Sending GET request to https://api.elsevier.com/content/search/scopus?query=AU-ID%28+7102636970%29+AND+PUBYEAR+%3E+2022+AND+PUBYEAR+%3C+2024
2026-04-17 14:43:28,519 - elsapy.utils - INFO - Converting prism:coverDate
2026-04-17 14:43:29,508 - elsapy.elsclient - INFO - Sending GET request to https://api.elsevier.com/content/search/scopus?query=AU-ID%28+7402153477%29+AND+PUBYEAR+%3E+2022+AND+PUBYEAR+%3C+2024
2026-04-17 14:43:30,066 - elsapy.utils - INFO - Converting prism:coverDate
2026-04-17 14:43:31,052 - elsapy.elsclient - INFO - Sending GET request to https://api.elsevier.com/content/search/scopus?query=AU-ID%28+6701806140%29+AND+PUBYEAR+%3E+2022+AND+PUBYEAR+%3C+2024
2026-04-17 14:44:16,988 - elsapy.elsclient - INFO - Module loaded.
2026-04-17 14:44:17,408 - elsapy.elsentity - INFO - Module loaded.
2026-04-17 14:44:17,420 - elsapy.utils - INFO - Module loaded.
2026-04-17 14:44:17,428 - elsapy.elsprofile - INFO - Module loaded.
2026-04-17 14:44:17,435 - elsapy.elsdoc - INFO - Module loaded.
2026-04-17 14:44:17,440 - elsapy.elssearch - INFO - Module loaded.
2026-04-17 14:44:17,993 - elsapy.elsclient - INFO - Sending GET request to https://api.elsevier.com/content/search/scopus?query=AU-ID%28+6602566280%29+AND+PUBYEAR+%3E+2020+AND+PUBYEAR+%3C+2026
2026-04-17 14:44:20,434 - elsapy.elsclient - INFO - Sending GET request to https://api.elsevier.com/content/search/scopus?start=25&count=25&query=AU-ID%28+6602566280%29+AND+PUBYEAR+%3E+2020+AND+PUBYEAR+%3C+2026
2026-04-17 14:44:22,908 - elsapy.elsclient - INFO - Sending GET request to https://api.elsevier.com/content/search/scopus?start=50&count=25&query=AU-ID%28+6602566280%29+AND+PUBYEAR+%3E+2020+AND+PUBYEAR+%3C+2026
2026-04-17 14:44:25,249 - elsapy.elsclient - INFO - Sending GET request to https://api.elsevier.com/content/search/scopus?start=75&count=25&query=AU-ID%28+6602566280%29+AND+PUBYEAR+%3E+2020+AND+PUBYEAR+%3C+2026
2026-04-17 14:44:34,455 - elsapy.elsclient - INFO - Module loaded.
2026-04-17 14:44:34,808 - elsapy.elsentity - INFO - Module loaded.
2026-04-17 14:44:34,817 - elsapy.utils - INFO - Module loaded.
2026-04-17 14:44:34,825 - elsapy.elsprofile - INFO - Module loaded.
2026-04-17 14:44:34,832 - elsapy.elsdoc - INFO - Module loaded.
2026-04-17 14:44:34,840 - elsapy.elssearch - INFO - Module loaded.
2026-04-17 14:44:35,461 - elsapy.elsclient - INFO - Sending GET request to https://api.elsevier.com/content/search/scopus?query=AU-ID%28+6602566280%29+AND+PUBYEAR+%3E+2020+AND+PUBYEAR+%3C+2026
2026-04-17 14:44:37,957 - elsapy.elsclient - INFO - Sending GET request to https://api.elsevier.com/content/search/scopus?start=25&count=25&query=AU-ID%28+6602566280%29+AND+PUBYEAR+%3E+2020+AND+PUBYEAR+%3C+2026
2026-04-17 14:44:40,375 - elsapy.elsclient - INFO - Sending GET request to https://api.elsevier.com/content/search/scopus?start=50&count=25&query=AU-ID%28+6602566280%29+AND+PUBYEAR+%3E+2020+AND+PUBYEAR+%3C+2026
2026-04-17 14:44:42,770 - elsapy.elsclient - INFO - Sending GET request to https://api.elsevier.com/content/search/scopus?start=75&count=25&query=AU-ID%28+6602566280%29+AND+PUBYEAR+%3E+2020+AND+PUBYEAR+%3C+2026
2026-04-17 14:44:45,430 - elsapy.elsclient - INFO - Sending GET request to https://api.elsevier.com/content/search/scopus?start=100&count=25&query=AU-ID%28+6602566280%29+AND+PUBYEAR+%3E+2020+AND+PUBYEAR+%3C+2026
2026-04-17 14:44:46,825 - elsapy.utils - INFO - Converting prism:coverDate
2026-04-17 14:44:47,808 - elsapy.elsclient - INFO - Sending GET request to https://api.elsevier.com/content/search/scopus?query=AU-ID%28+57935194100%29+AND+PUBYEAR+%3E+2020+AND+PUBYEAR+%3C+2026
2026-04-17 14:44:49,192 - elsapy.elsclient - INFO - Sending GET request to https://api.elsevier.com/content/search/scopus?query=AU-ID%28+57222546282%29+AND+PUBYEAR+%3E+2020+AND+PUBYEAR+%3C+2026
2026-04-17 14:44:50,644 - elsapy.elsclient - INFO - Sending GET request to https://api.elsevier.com/content/search/scopus?query=AU-ID%28+55775348600%29+AND+PUBYEAR+%3E+2020+AND+PUBYEAR+%3C+2026
2026-04-17 14:44:51,453 - elsapy.utils - INFO - Converting prism:coverDate
2026-04-17 14:44:52,445 - elsapy.elsclient - INFO - Sending GET request to https://api.elsevier.com/content/search/scopus?query=AU-ID%28+57217656691%29+AND+PUBYEAR+%3E+2020+AND+PUBYEAR+%3C+2026
2026-04-17 14:44:55,707 - elsapy.elsclient - INFO - Sending GET request to https://api.elsevier.com/content/search/scopus?start=25&count=25&query=AU-ID%28+57217656691%29+AND+PUBYEAR+%3E+2020+AND+PUBYEAR+%3C+2026
2026-04-17 14:44:59,038 - elsapy.elsclient - INFO - Sending GET request to https://api.elsevier.com/content/search/scopus?start=50&count=25&query=AU-ID%28+57217656691%29+AND+PUBYEAR+%3E+2020+AND+PUBYEAR+%3C+2026
2026-04-17 14:45:00,221 - elsapy.utils - INFO - Converting prism:coverDate
2026-04-17 14:45:01,204 - elsapy.elsclient - INFO - Sending GET request to https://api.elsevier.com/content/search/scopus?query=AU-ID%28+7102636970%29+AND+PUBYEAR+%3E+2020+AND+PUBYEAR+%3C+2026
2026-04-17 14:45:01,951 - elsapy.utils - INFO - Converting prism:coverDate
2026-04-17 14:45:02,934 - elsapy.elsclient - INFO - Sending GET request to https://api.elsevier.com/content/search/scopus?query=AU-ID%28+7402153477%29+AND+PUBYEAR+%3E+2020+AND+PUBYEAR+%3C+2026
2026-04-17 14:45:03,932 - elsapy.utils - INFO - Converting prism:coverDate
2026-04-17 14:45:04,927 - elsapy.elsclient - INFO - Sending GET request to https://api.elsevier.com/content/search/scopus?query=AU-ID%28+6701806140%29+AND+PUBYEAR+%3E+2020+AND+PUBYEAR+%3C+2026
2026-04-17 14:45:05,394 - elsapy.utils - INFO - Converting prism:coverDate
2026-04-17 14:45:06,381 - elsapy.elsclient - INFO - Sending GET request to https://api.elsevier.com/content/search/scopus?query=AU-ID%28+7003625060%29+AND+PUBYEAR+%3E+2020+AND+PUBYEAR+%3C+2026
2026-04-17 14:45:07,526 - elsapy.utils - INFO - Converting prism:coverDate
2026-04-17 14:45:08,519 - elsapy.elsclient - INFO - Sending GET request to https://api.elsevier.com/content/search/scopus?query=AU-ID%28+35803851000%29+AND+PUBYEAR+%3E+2020+AND+PUBYEAR+%3C+2026
2026-04-17 14:45:09,150 - elsapy.utils - INFO - Converting prism:coverDate
2026-04-17 14:45:10,130 - elsapy.elsclient - INFO - Sending GET request to https://api.elsevier.com/content/search/scopus?query=AU-ID%28+20334798100%29+AND+PUBYEAR+%3E+2020+AND+PUBYEAR+%3C+2026
2026-04-17 14:45:11,564 - elsapy.utils - INFO - Converting prism:coverDate
2026-04-17 14:45:12,545 - elsapy.elsclient - INFO - Sending GET request to https://api.elsevier.com/content/search/scopus?query=AU-ID%28+57214358440%29+AND+PUBYEAR+%3E+2020+AND+PUBYEAR+%3C+2026
2026-04-17 14:45:14,915 - elsapy.elsclient - INFO - Sending GET request to https://api.elsevier.com/content/search/scopus?start=25&count=25&query=AU-ID%28+57214358440%29+AND+PUBYEAR+%3E+2020+AND+PUBYEAR+%3C+2026
2026-04-17 14:45:17,014 - elsapy.elsclient - INFO - Sending GET request to https://api.elsevier.com/content/search/scopus?start=50&count=25&query=AU-ID%28+57214358440%29+AND+PUBYEAR+%3E+2020+AND+PUBYEAR+%3C+2026
2026-04-17 14:45:19,175 - elsapy.elsclient - INFO - Sending GET request to https://api.elsevier.com/content/search/scopus?start=75&count=25&query=AU-ID%28+57214358440%29+AND+PUBYEAR+%3E+2020+AND+PUBYEAR+%3C+2026
2026-04-17 14:45:20,019 - elsapy.utils - INFO - Converting prism:coverDate
2026-04-17 14:45:20,999 - elsapy.elsclient - INFO - Sending GET request to https://api.elsevier.com/content/search/scopus?query=AU-ID%28+6506921926%29+AND+PUBYEAR+%3E+2020+AND+PUBYEAR+%3C+2026
2026-04-17 14:45:21,826 - elsapy.utils - INFO - Converting prism:coverDate
2026-04-17 14:45:22,816 - elsapy.elsclient - INFO - Sending GET request to https://api.elsevier.com/content/search/scopus?query=AU-ID%28+50161540900%29+AND+PUBYEAR+%3E+2020+AND+PUBYEAR+%3C+2026
2026-04-17 14:45:24,833 - elsapy.elsclient - INFO - Sending GET request to https://api.elsevier.com/content/search/scopus?start=25&count=25&query=AU-ID%28+50161540900%29+AND+PUBYEAR+%3E+2020+AND+PUBYEAR+%3C+2026
2026-04-17 14:45:25,598 - elsapy.utils - INFO - Converting prism:coverDate
2026-04-17 14:45:26,577 - elsapy.elsclient - INFO - Sending GET request to https://api.elsevier.com/content/search/scopus?query=AU-ID%28+14058373600%29+AND+PUBYEAR+%3E+2020+AND+PUBYEAR+%3C+2026
2026-04-17 14:45:27,975 - elsapy.utils - INFO - Converting prism:coverDate
2026-04-17 14:45:28,950 - elsapy.elsclient - INFO - Sending GET request to https://api.elsevier.com/content/search/scopus?query=AU-ID%28+57220595830%29+AND+PUBYEAR+%3E+2020+AND+PUBYEAR+%3C+2026
2026-04-17 14:45:30,297 - elsapy.elsclient - INFO - Sending GET request to https://api.elsevier.com/content/search/scopus?query=AU-ID%28+7102240088%29+AND+PUBYEAR+%3E+2020+AND+PUBYEAR+%3C+2026
2026-04-17 14:45:32,889 - elsapy.elsclient - INFO - Sending GET request to https://api.elsevier.com/content/search/scopus?start=25&count=25&query=AU-ID%28+7102240088%29+AND+PUBYEAR+%3E+2020+AND+PUBYEAR+%3C+2026
2026-04-17 14:45:35,272 - elsapy.elsclient - INFO - Sending GET request to https://api.elsevier.com/content/search/scopus?start=50&count=25&query=AU-ID%28+7102240088%29+AND+PUBYEAR+%3E+2020+AND+PUBYEAR+%3C+2026
2026-04-17 14:45:36,295 - elsapy.utils - INFO - Converting prism:coverDate
2026-04-17 14:45:37,287 - elsapy.elsclient - INFO - Sending GET request to https://api.elsevier.com/content/search/scopus?query=AU-ID%28+57205752212%29+AND+PUBYEAR+%3E+2020+AND+PUBYEAR+%3C+2026
2026-04-17 14:45:38,726 - elsapy.elsclient - INFO - Sending GET request to https://api.elsevier.com/content/search/scopus?query=AU-ID%28+7201736265%29+AND+PUBYEAR+%3E+2020+AND+PUBYEAR+%3C+2026
2026-04-17 14:45:40,333 - elsapy.utils - INFO - Converting prism:coverDate
2026-04-17 14:45:41,329 - elsapy.elsclient - INFO - Sending GET request to https://api.elsevier.com/content/search/scopus?query=AU-ID%28+57645110200%29+AND+PUBYEAR+%3E+2020+AND+PUBYEAR+%3C+2026
2026-04-17 14:45:42,711 - elsapy.elsclient - INFO - Sending GET request to https://api.elsevier.com/content/search/scopus?query=AU-ID%28+6603910965%29+AND+PUBYEAR+%3E+2020+AND+PUBYEAR+%3C+2026
2026-04-17 14:45:43,222 - elsapy.utils - INFO - Converting prism:coverDate
2026-04-17 14:45:44,214 - elsapy.elsclient - INFO - Sending GET request to https://api.elsevier.com/content/search/scopus?query=AU-ID%28+6508358930%29+AND+PUBYEAR+%3E+2020+AND+PUBYEAR+%3C+2026
2026-04-17 14:45:44,983 - elsapy.utils - INFO - Converting prism:coverDate
2026-04-17 14:45:45,964 - elsapy.elsclient - INFO - Sending GET request to https://api.elsevier.com/content/search/scopus?query=AU-ID%28+7005061686%29+AND+PUBYEAR+%3E+2020+AND+PUBYEAR+%3C+2026
2026-04-17 14:45:46,554 - elsapy.utils - INFO - Converting prism:coverDate
2026-04-17 14:45:47,534 - elsapy.elsclient - INFO - Sending GET request to https://api.elsevier.com/content/search/scopus?query=AU-ID%28+57202907197%29+AND+PUBYEAR+%3E+2020+AND+PUBYEAR+%3C+2026
2026-04-17 14:45:49,657 - elsapy.elsclient - INFO - Sending GET request to https://api.elsevier.com/content/search/scopus?start=25&count=25&query=AU-ID%28+57202907197%29+AND+PUBYEAR+%3E+2020+AND+PUBYEAR+%3C+2026
2026-04-17 14:45:50,853 - elsapy.utils - INFO - Converting prism:coverDate
2026-04-17 14:45:51,834 - elsapy.elsclient - INFO - Sending GET request to https://api.elsevier.com/content/search/scopus?query=AU-ID%28+7101811060%29+AND+PUBYEAR+%3E+2020+AND+PUBYEAR+%3C+2026
2026-04-17 14:45:53,782 - elsapy.elsclient - INFO - Sending GET request to https://api.elsevier.com/content/search/scopus?start=25&count=25&query=AU-ID%28+7101811060%29+AND+PUBYEAR+%3E+2020+AND+PUBYEAR+%3C+2026
2026-04-17 14:45:56,077 - elsapy.elsclient - INFO - Sending GET request to https://api.elsevier.com/content/search/scopus?start=50&count=25&query=AU-ID%28+7101811060%29+AND+PUBYEAR+%3E+2020+AND+PUBYEAR+%3C+2026
2026-04-17 14:45:59,663 - elsapy.utils - INFO - Converting prism:coverDate
2026-04-17 14:46:00,642 - elsapy.elsclient - INFO - Sending GET request to https://api.elsevier.com/content/search/scopus?query=AU-ID%28+8843627500%29+AND+PUBYEAR+%3E+2020+AND+PUBYEAR+%3C+2026
2026-04-17 14:46:02,573 - elsapy.utils - INFO - Converting prism:coverDate
2026-04-17 14:46:03,550 - elsapy.elsclient - INFO - Sending GET request to https://api.elsevier.com/content/search/scopus?query=AU-ID%28+6603848328%29+AND+PUBYEAR+%3E+2020+AND+PUBYEAR+%3C+2026
2026-04-17 14:46:05,848 - elsapy.elsclient - INFO - Sending GET request to https://api.elsevier.com/content/search/scopus?start=25&count=25&query=AU-ID%28+6603848328%29+AND+PUBYEAR+%3E+2020+AND+PUBYEAR+%3C+2026
2026-04-17 14:46:08,231 - elsapy.elsclient - INFO - Sending GET request to https://api.elsevier.com/content/search/scopus?start=50&count=25&query=AU-ID%28+6603848328%29+AND+PUBYEAR+%3E+2020+AND+PUBYEAR+%3C+2026
2026-04-17 14:46:10,283 - elsapy.elsclient - INFO - Sending GET request to https://api.elsevier.com/content/search/scopus?start=75&count=25&query=AU-ID%28+6603848328%29+AND+PUBYEAR+%3E+2020+AND+PUBYEAR+%3C+2026
2026-04-17 14:46:12,325 - elsapy.elsclient - INFO - Sending GET request to https://api.elsevier.com/content/search/scopus?start=100&count=25&query=AU-ID%28+6603848328%29+AND+PUBYEAR+%3E+2020+AND+PUBYEAR+%3C+2026
2026-04-17 14:46:14,330 - elsapy.elsclient - INFO - Sending GET request to https://api.elsevier.com/content/search/scopus?start=125&count=25&query=AU-ID%28+6603848328%29+AND+PUBYEAR+%3E+2020+AND+PUBYEAR+%3C+2026
2026-04-17 14:46:15,290 - elsapy.utils - INFO - Converting prism:coverDate
2026-04-17 14:46:16,264 - elsapy.elsclient - INFO - Sending GET request to https://api.elsevier.com/content/search/scopus?query=AU-ID%28+6508208711%29+AND+PUBYEAR+%3E+2020+AND+PUBYEAR+%3C+2026
2026-04-17 14:46:17,011 - elsapy.utils - INFO - Converting prism:coverDate
2026-04-17 14:46:17,994 - elsapy.elsclient - INFO - Sending GET request to https://api.elsevier.com/content/search/scopus?query=AU-ID%28+7004915318%29+AND+PUBYEAR+%3E+2020+AND+PUBYEAR+%3C+2026
2026-04-17 14:46:20,078 - elsapy.elsclient - INFO - Sending GET request to https://api.elsevier.com/content/search/scopus?start=25&count=25&query=AU-ID%28+7004915318%29+AND+PUBYEAR+%3E+2020+AND+PUBYEAR+%3C+2026
2026-04-17 14:46:20,599 - elsapy.utils - INFO - Converting prism:coverDate
2026-04-17 14:46:21,578 - elsapy.elsclient - INFO - Sending GET request to https://api.elsevier.com/content/search/scopus?query=AU-ID%28+7102000872%29+AND+PUBYEAR+%3E+2020+AND+PUBYEAR+%3C+2026
2026-04-17 14:46:22,545 - elsapy.utils - INFO - Converting prism:coverDate
2026-04-17 14:46:23,521 - elsapy.elsclient - INFO - Sending GET request to https://api.elsevier.com/content/search/scopus?query=AU-ID%28+57215789537%29+AND+PUBYEAR+%3E+2020+AND+PUBYEAR+%3C+2026
2026-04-17 14:46:24,850 - elsapy.elsclient - INFO - Sending GET request to https://api.elsevier.com/content/search/scopus?query=AU-ID%28+56893669400%29+AND+PUBYEAR+%3E+2020+AND+PUBYEAR+%3C+2026
2026-04-17 14:46:26,825 - elsapy.elsclient - INFO - Sending GET request to https://api.elsevier.com/content/search/scopus?start=25&count=25&query=AU-ID%28+56893669400%29+AND+PUBYEAR+%3E+2020+AND+PUBYEAR+%3C+2026
2026-04-17 14:46:27,265 - elsapy.utils - INFO - Converting prism:coverDate
2026-04-17 14:46:28,256 - elsapy.elsclient - INFO - Sending GET request to https://api.elsevier.com/content/search/scopus?query=AU-ID%28+7202282108%29+AND+PUBYEAR+%3E+2020+AND+PUBYEAR+%3C+2026
2026-04-17 14:46:30,488 - elsapy.elsclient - INFO - Sending GET request to https://api.elsevier.com/content/search/scopus?start=25&count=25&query=AU-ID%28+7202282108%29+AND+PUBYEAR+%3E+2020+AND+PUBYEAR+%3C+2026
2026-04-17 14:46:31,248 - elsapy.utils - INFO - Converting prism:coverDate
2026-04-17 14:46:32,227 - elsapy.elsclient - INFO - Sending GET request to https://api.elsevier.com/content/search/scopus?query=AU-ID%28+7102939943%29+AND+PUBYEAR+%3E+2020+AND+PUBYEAR+%3C+2026
2026-04-17 14:46:34,262 - elsapy.elsclient - INFO - Sending GET request to https://api.elsevier.com/content/search/scopus?start=25&count=25&query=AU-ID%28+7102939943%29+AND+PUBYEAR+%3E+2020+AND+PUBYEAR+%3C+2026
2026-04-17 14:46:34,741 - elsapy.utils - INFO - Converting prism:coverDate
2026-04-17 14:46:35,721 - elsapy.elsclient - INFO - Sending GET request to https://api.elsevier.com/content/search/scopus?query=AU-ID%28+7006388802%29+AND+PUBYEAR+%3E+2020+AND+PUBYEAR+%3C+2026
2026-04-17 14:46:37,860 - elsapy.elsclient - INFO - Sending GET request to https://api.elsevier.com/content/search/scopus?start=25&count=25&query=AU-ID%28+7006388802%29+AND+PUBYEAR+%3E+2020+AND+PUBYEAR+%3C+2026
2026-04-17 14:46:38,528 - elsapy.utils - INFO - Converting prism:coverDate
2026-04-17 14:46:39,509 - elsapy.elsclient - INFO - Sending GET request to https://api.elsevier.com/content/search/scopus?query=AU-ID%28+6603234639%29+AND+PUBYEAR+%3E+2020+AND+PUBYEAR+%3C+2026
2026-04-17 14:46:40,850 - elsapy.elsclient - INFO - Sending GET request to https://api.elsevier.com/content/search/scopus?query=AU-ID%28+35584095400%29+AND+PUBYEAR+%3E+2020+AND+PUBYEAR+%3C+2026
2026-04-17 14:46:42,191 - elsapy.elsclient - INFO - Sending GET request to https://api.elsevier.com/content/search/scopus?query=AU-ID%28+9036948400%29+AND+PUBYEAR+%3E+2020+AND+PUBYEAR+%3C+2026
2026-04-17 14:46:42,821 - elsapy.utils - INFO - Converting prism:coverDate
2026-04-17 14:46:43,815 - elsapy.elsclient - INFO - Sending GET request to https://api.elsevier.com/content/search/scopus?query=AU-ID%28+7202244730%29+AND+PUBYEAR+%3E+2020+AND+PUBYEAR+%3C+2026
2026-04-17 14:46:44,534 - elsapy.utils - INFO - Converting prism:coverDate
2026-04-17 14:46:45,515 - elsapy.elsclient - INFO - Sending GET request to https://api.elsevier.com/content/search/scopus?query=AU-ID%28+7202875495%29+AND+PUBYEAR+%3E+2020+AND+PUBYEAR+%3C+2026
2026-04-17 14:46:47,678 - elsapy.elsclient - INFO - Sending GET request to https://api.elsevier.com/content/search/scopus?start=25&count=25&query=AU-ID%28+7202875495%29+AND+PUBYEAR+%3E+2020+AND+PUBYEAR+%3C+2026
2026-04-17 14:46:49,797 - elsapy.utils - INFO - Converting prism:coverDate
2026-04-17 14:46:50,776 - elsapy.elsclient - INFO - Sending GET request to https://api.elsevier.com/content/search/scopus?query=AU-ID%28+7004135414%29+AND+PUBYEAR+%3E+2020+AND+PUBYEAR+%3C+2026
2026-04-17 14:46:51,438 - elsapy.utils - INFO - Converting prism:coverDate
2026-04-17 14:46:52,419 - elsapy.elsclient - INFO - Sending GET request to https://api.elsevier.com/content/search/scopus?query=AU-ID%28+8565340000%29+AND+PUBYEAR+%3E+2020+AND+PUBYEAR+%3C+2026
2026-04-17 14:46:54,450 - elsapy.elsclient - INFO - Sending GET request to https://api.elsevier.com/content/search/scopus?start=25&count=25&query=AU-ID%28+8565340000%29+AND+PUBYEAR+%3E+2020+AND+PUBYEAR+%3C+2026
2026-04-17 14:46:55,242 - elsapy.utils - INFO - Converting prism:coverDate
2026-04-17 14:46:56,221 - elsapy.elsclient - INFO - Sending GET request to https://api.elsevier.com/content/search/scopus?query=AU-ID%28+7005393044%29+AND+PUBYEAR+%3E+2020+AND+PUBYEAR+%3C+2026
2026-04-17 14:46:58,478 - elsapy.elsclient - INFO - Sending GET request to https://api.elsevier.com/content/search/scopus?start=25&count=25&query=AU-ID%28+7005393044%29+AND+PUBYEAR+%3E+2020+AND+PUBYEAR+%3C+2026
2026-04-17 14:46:59,691 - elsapy.utils - INFO - Converting prism:coverDate
2026-04-17 14:47:00,669 - elsapy.elsclient - INFO - Sending GET request to https://api.elsevier.com/content/search/scopus?query=AU-ID%28+7101755352%29+AND+PUBYEAR+%3E+2020+AND+PUBYEAR+%3C+2026
2026-04-17 14:47:01,433 - elsapy.utils - INFO - Converting prism:coverDate
2026-04-17 14:47:02,420 - elsapy.elsclient - INFO - Sending GET request to https://api.elsevier.com/content/search/scopus?query=AU-ID%28+36834301600%29+AND+PUBYEAR+%3E+2020+AND+PUBYEAR+%3C+2026
2026-04-17 14:47:03,508 - elsapy.utils - INFO - Converting prism:coverDate
2026-04-17 14:47:04,487 - elsapy.elsclient - INFO - Sending GET request to https://api.elsevier.com/content/search/scopus?query=AU-ID%28+16426642900%29+AND+PUBYEAR+%3E+2020+AND+PUBYEAR+%3C+2026
2026-04-17 14:47:04,946 - elsapy.utils - INFO - Converting prism:coverDate
2026-04-17 14:47:05,926 - elsapy.elsclient - INFO - Sending GET request to https://api.elsevier.com/content/search/scopus?query=AU-ID%28+7401592953%29+AND+PUBYEAR+%3E+2020+AND+PUBYEAR+%3C+2026
2026-04-17 14:47:23,886 - elsapy.utils - INFO - Converting prism:coverDate
2026-04-17 14:47:24,863 - elsapy.elsclient - INFO - Sending GET request to https://api.elsevier.com/content/search/scopus?query=AU-ID%28+7202419754%29+AND+PUBYEAR+%3E+2020+AND+PUBYEAR+%3C+2026
2026-04-17 14:47:26,819 - elsapy.elsclient - INFO - Sending GET request to https://api.elsevier.com/content/search/scopus?start=25&count=25&query=AU-ID%28+7202419754%29+AND+PUBYEAR+%3E+2020+AND+PUBYEAR+%3C+2026
2026-04-17 14:47:28,769 - elsapy.elsclient - INFO - Sending GET request to https://api.elsevier.com/content/search/scopus?start=50&count=25&query=AU-ID%28+7202419754%29+AND+PUBYEAR+%3E+2020+AND+PUBYEAR+%3C+2026
2026-04-17 14:47:30,910 - elsapy.elsclient - INFO - Sending GET request to https://api.elsevier.com/content/search/scopus?start=75&count=25&query=AU-ID%28+7202419754%29+AND+PUBYEAR+%3E+2020+AND+PUBYEAR+%3C+2026
2026-04-17 14:47:31,922 - elsapy.utils - INFO - Converting prism:coverDate
2026-04-17 14:47:32,893 - elsapy.elsclient - INFO - Sending GET request to https://api.elsevier.com/content/search/scopus?query=AU-ID%28+23988634300%29+AND+PUBYEAR+%3E+2020+AND+PUBYEAR+%3C+2026
2026-04-17 14:47:34,774 - elsapy.elsclient - INFO - Sending GET request to https://api.elsevier.com/content/search/scopus?start=25&count=25&query=AU-ID%28+23988634300%29+AND+PUBYEAR+%3E+2020+AND+PUBYEAR+%3C+2026
2026-04-17 14:47:36,723 - elsapy.elsclient - INFO - Sending GET request to https://api.elsevier.com/content/search/scopus?start=50&count=25&query=AU-ID%28+23988634300%29+AND+PUBYEAR+%3E+2020+AND+PUBYEAR+%3C+2026
2026-04-17 14:47:37,302 - elsapy.utils - INFO - Converting prism:coverDate
2026-04-17 14:47:38,277 - elsapy.elsclient - INFO - Sending GET request to https://api.elsevier.com/content/search/scopus?query=AU-ID%28+57211767979%29+AND+PUBYEAR+%3E+2020+AND+PUBYEAR+%3C+2026
2026-04-17 14:47:39,648 - elsapy.elsclient - INFO - Sending GET request to https://api.elsevier.com/content/search/scopus?query=AU-ID%28+35228962600%29+AND+PUBYEAR+%3E+2020+AND+PUBYEAR+%3C+2026
2026-04-17 14:47:43,283 - elsapy.elsclient - INFO - Sending GET request to https://api.elsevier.com/content/search/scopus?start=25&count=25&query=AU-ID%28+35228962600%29+AND+PUBYEAR+%3E+2020+AND+PUBYEAR+%3C+2026
2026-04-17 14:47:43,961 - elsapy.utils - INFO - Converting prism:coverDate
2026-04-17 14:47:44,961 - elsapy.elsclient - INFO - Sending GET request to https://api.elsevier.com/content/search/scopus?query=AU-ID%28+7103383672%29+AND+PUBYEAR+%3E+2020+AND+PUBYEAR+%3C+2026
2026-04-17 14:47:45,682 - elsapy.utils - INFO - Converting prism:coverDate
2026-04-17 14:47:46,659 - elsapy.elsclient - INFO - Sending GET request to https://api.elsevier.com/content/search/scopus?query=AU-ID%28+57201275401%29+AND+PUBYEAR+%3E+2020+AND+PUBYEAR+%3C+2026
2026-04-17 14:47:48,760 - elsapy.elsclient - INFO - Sending GET request to https://api.elsevier.com/content/search/scopus?start=25&count=25&query=AU-ID%28+57201275401%29+AND+PUBYEAR+%3E+2020+AND+PUBYEAR+%3C+2026
2026-04-17 14:47:50,995 - elsapy.elsclient - INFO - Sending GET request to https://api.elsevier.com/content/search/scopus?start=50&count=25&query=AU-ID%28+57201275401%29+AND+PUBYEAR+%3E+2020+AND+PUBYEAR+%3C+2026
2026-04-17 14:47:53,272 - elsapy.elsclient - INFO - Sending GET request to https://api.elsevier.com/content/search/scopus?start=75&count=25&query=AU-ID%28+57201275401%29+AND+PUBYEAR+%3E+2020+AND+PUBYEAR+%3C+2026
2026-04-17 14:47:55,416 - elsapy.elsclient - INFO - Sending GET request to https://api.elsevier.com/content/search/scopus?start=100&count=25&query=AU-ID%28+57201275401%29+AND+PUBYEAR+%3E+2020+AND+PUBYEAR+%3C+2026
2026-04-17 14:47:56,321 - elsapy.utils - INFO - Converting prism:coverDate
2026-04-17 14:47:57,307 - elsapy.elsclient - INFO - Sending GET request to https://api.elsevier.com/content/search/scopus?query=AU-ID%28+57211649761%29+AND+PUBYEAR+%3E+2020+AND+PUBYEAR+%3C+2026
2026-04-17 14:47:58,375 - elsapy.utils - INFO - Converting prism:coverDate
2026-04-17 14:47:59,363 - elsapy.elsclient - INFO - Sending GET request to https://api.elsevier.com/content/search/scopus?query=AU-ID%28+6508334448%29+AND+PUBYEAR+%3E+2020+AND+PUBYEAR+%3C+2026
2026-04-17 14:48:01,064 - elsapy.utils - INFO - Converting prism:coverDate
2026-04-17 14:48:02,046 - elsapy.elsclient - INFO - Sending GET request to https://api.elsevier.com/content/search/scopus?query=AU-ID%28+7003500444%29+AND+PUBYEAR+%3E+2020+AND+PUBYEAR+%3C+2026
2026-04-17 14:48:02,852 - elsapy.utils - INFO - Converting prism:coverDate
2026-04-17 14:48:03,835 - elsapy.elsclient - INFO - Sending GET request to https://api.elsevier.com/content/search/scopus?query=AU-ID%28+7006558850%29+AND+PUBYEAR+%3E+2020+AND+PUBYEAR+%3C+2026
2026-04-17 14:48:04,467 - elsapy.utils - INFO - Converting prism:coverDate
2026-04-17 14:48:05,448 - elsapy.elsclient - INFO - Sending GET request to https://api.elsevier.com/content/search/scopus?query=AU-ID%28+7103138829%29+AND+PUBYEAR+%3E+2020+AND+PUBYEAR+%3C+2026
2026-04-17 14:48:06,203 - elsapy.utils - INFO - Converting prism:coverDate
2026-04-17 14:48:07,186 - elsapy.elsclient - INFO - Sending GET request to https://api.elsevier.com/content/search/scopus?query=AU-ID%28+7005681420%29+AND+PUBYEAR+%3E+2020+AND+PUBYEAR+%3C+2026
2026-04-17 14:48:08,193 - elsapy.utils - INFO - Converting prism:coverDate
2026-04-17 14:48:09,170 - elsapy.elsclient - INFO - Sending GET request to https://api.elsevier.com/content/search/scopus?query=AU-ID%28+57739296000%29+AND+PUBYEAR+%3E+2020+AND+PUBYEAR+%3C+2026
2026-04-17 14:48:10,525 - elsapy.elsclient - INFO - Sending GET request to https://api.elsevier.com/content/search/scopus?query=AU-ID%28+7202926065%29+AND+PUBYEAR+%3E+2020+AND+PUBYEAR+%3C+2026
2026-04-17 14:48:12,396 - elsapy.elsclient - INFO - Sending GET request to https://api.elsevier.com/content/search/scopus?start=25&count=25&query=AU-ID%28+7202926065%29+AND+PUBYEAR+%3E+2020+AND+PUBYEAR+%3C+2026
2026-04-17 14:48:13,003 - elsapy.utils - INFO - Converting prism:coverDate
2026-04-17 14:48:14,003 - elsapy.elsclient - INFO - Sending GET request to https://api.elsevier.com/content/search/scopus?query=AU-ID%28+7102935766%29+AND+PUBYEAR+%3E+2020+AND+PUBYEAR+%3C+2026
2026-04-17 14:48:15,910 - elsapy.elsclient - INFO - Sending GET request to https://api.elsevier.com/content/search/scopus?start=25&count=25&query=AU-ID%28+7102935766%29+AND+PUBYEAR+%3E+2020+AND+PUBYEAR+%3C+2026
2026-04-17 14:48:17,801 - elsapy.elsclient - INFO - Sending GET request to https://api.elsevier.com/content/search/scopus?start=50&count=25&query=AU-ID%28+7102935766%29+AND+PUBYEAR+%3E+2020+AND+PUBYEAR+%3C+2026
2026-04-17 14:48:18,320 - elsapy.utils - INFO - Converting prism:coverDate
2026-04-17 14:48:19,302 - elsapy.elsclient - INFO - Sending GET request to https://api.elsevier.com/content/search/scopus?query=AU-ID%28+57943803800%29+AND+PUBYEAR+%3E+2020+AND+PUBYEAR+%3C+2026
2026-04-17 14:48:20,672 - elsapy.elsclient - INFO - Sending GET request to https://api.elsevier.com/content/search/scopus?query=AU-ID%28+14030625500%29+AND+PUBYEAR+%3E+2020+AND+PUBYEAR+%3C+2026
2026-04-17 14:48:22,937 - elsapy.elsclient - INFO - Sending GET request to https://api.elsevier.com/content/search/scopus?start=25&count=25&query=AU-ID%28+14030625500%29+AND+PUBYEAR+%3E+2020+AND+PUBYEAR+%3C+2026
2026-04-17 14:48:25,193 - elsapy.elsclient - INFO - Sending GET request to https://api.elsevier.com/content/search/scopus?start=50&count=25&query=AU-ID%28+14030625500%29+AND+PUBYEAR+%3E+2020+AND+PUBYEAR+%3C+2026
2026-04-17 14:48:27,393 - elsapy.elsclient - INFO - Sending GET request to https://api.elsevier.com/content/search/scopus?start=75&count=25&query=AU-ID%28+14030625500%29+AND+PUBYEAR+%3E+2020+AND+PUBYEAR+%3C+2026
2026-04-17 14:48:29,751 - elsapy.elsclient - INFO - Sending GET request to https://api.elsevier.com/content/search/scopus?start=100&count=25&query=AU-ID%28+14030625500%29+AND+PUBYEAR+%3E+2020+AND+PUBYEAR+%3C+2026
2026-04-17 14:48:32,097 - elsapy.elsclient - INFO - Sending GET request to https://api.elsevier.com/content/search/scopus?start=125&count=25&query=AU-ID%28+14030625500%29+AND+PUBYEAR+%3E+2020+AND+PUBYEAR+%3C+2026
2026-04-17 14:48:33,321 - elsapy.utils - INFO - Converting prism:coverDate
2026-04-17 14:48:34,309 - elsapy.elsclient - INFO - Sending GET request to https://api.elsevier.com/content/search/scopus?query=AU-ID%28+6506965877%29+AND+PUBYEAR+%3E+2020+AND+PUBYEAR+%3C+2026
2026-04-17 14:48:36,255 - elsapy.elsclient - INFO - Sending GET request to https://api.elsevier.com/content/search/scopus?start=25&count=25&query=AU-ID%28+6506965877%29+AND+PUBYEAR+%3E+2020+AND+PUBYEAR+%3C+2026
2026-04-17 14:48:38,318 - elsapy.elsclient - INFO - Sending GET request to https://api.elsevier.com/content/search/scopus?start=50&count=25&query=AU-ID%28+6506965877%29+AND+PUBYEAR+%3E+2020+AND+PUBYEAR+%3C+2026
2026-04-17 14:48:40,187 - elsapy.elsclient - INFO - Sending GET request to https://api.elsevier.com/content/search/scopus?start=75&count=25&query=AU-ID%28+6506965877%29+AND+PUBYEAR+%3E+2020+AND+PUBYEAR+%3C+2026
2026-04-17 14:48:42,147 - elsapy.elsclient - INFO - Sending GET request to https://api.elsevier.com/content/search/scopus?start=100&count=25&query=AU-ID%28+6506965877%29+AND+PUBYEAR+%3E+2020+AND+PUBYEAR+%3C+2026
2026-04-17 14:48:44,044 - elsapy.elsclient - INFO - Sending GET request to https://api.elsevier.com/content/search/scopus?start=125&count=25&query=AU-ID%28+6506965877%29+AND+PUBYEAR+%3E+2020+AND+PUBYEAR+%3C+2026
2026-04-17 14:48:44,599 - elsapy.utils - INFO - Converting prism:coverDate
2026-04-17 14:48:45,579 - elsapy.elsclient - INFO - Sending GET request to https://api.elsevier.com/content/search/scopus?query=AU-ID%28+57214210019%29+AND+PUBYEAR+%3E+2020+AND+PUBYEAR+%3C+2026
2026-04-17 14:48:46,278 - elsapy.utils - INFO - Converting prism:coverDate
2026-04-17 14:48:47,265 - elsapy.elsclient - INFO - Sending GET request to https://api.elsevier.com/content/search/scopus?query=AU-ID%28+57787016900%29+AND+PUBYEAR+%3E+2020+AND+PUBYEAR+%3C+2026
2026-04-17 14:48:48,587 - elsapy.elsclient - INFO - Sending GET request to https://api.elsevier.com/content/search/scopus?query=AU-ID%28+7004096240%29+AND+PUBYEAR+%3E+2020+AND+PUBYEAR+%3C+2026
2026-04-17 14:48:49,259 - elsapy.utils - INFO - Converting prism:coverDate
2026-04-17 14:48:50,257 - elsapy.elsclient - INFO - Sending GET request to https://api.elsevier.com/content/search/scopus?query=AU-ID%28+56018937500%29+AND+PUBYEAR+%3E+2020+AND+PUBYEAR+%3C+2026
2026-04-17 14:48:50,930 - elsapy.utils - INFO - Converting prism:coverDate
2026-04-17 14:48:51,929 - elsapy.elsclient - INFO - Sending GET request to https://api.elsevier.com/content/search/scopus?query=AU-ID%28+7101941609%29+AND+PUBYEAR+%3E+2020+AND+PUBYEAR+%3C+2026
2026-04-17 14:48:52,757 - elsapy.utils - INFO - Converting prism:coverDate
2026-04-17 14:48:53,739 - elsapy.elsclient - INFO - Sending GET request to https://api.elsevier.com/content/search/scopus?query=AU-ID%28+57865768700%29+AND+PUBYEAR+%3E+2020+AND+PUBYEAR+%3C+2026
2026-04-17 14:48:55,115 - elsapy.elsclient - INFO - Sending GET request to https://api.elsevier.com/content/search/scopus?query=AU-ID%28+16555220300%29+AND+PUBYEAR+%3E+2020+AND+PUBYEAR+%3C+2026
2026-04-17 14:48:57,103 - elsapy.elsclient - INFO - Sending GET request to https://api.elsevier.com/content/search/scopus?start=25&count=25&query=AU-ID%28+16555220300%29+AND+PUBYEAR+%3E+2020+AND+PUBYEAR+%3C+2026
2026-04-17 14:48:59,179 - elsapy.elsclient - INFO - Sending GET request to https://api.elsevier.com/content/search/scopus?start=50&count=25&query=AU-ID%28+16555220300%29+AND+PUBYEAR+%3E+2020+AND+PUBYEAR+%3C+2026
2026-04-17 14:49:00,327 - elsapy.utils - INFO - Converting prism:coverDate
2026-04-17 14:49:01,323 - elsapy.elsclient - INFO - Sending GET request to https://api.elsevier.com/content/search/scopus?query=AU-ID%28+7004191598%29+AND+PUBYEAR+%3E+2020+AND+PUBYEAR+%3C+2026
2026-04-17 14:49:02,308 - elsapy.utils - INFO - Converting prism:coverDate
2026-04-17 14:49:03,286 - elsapy.elsclient - INFO - Sending GET request to https://api.elsevier.com/content/search/scopus?query=AU-ID%28+37041677700%29+AND+PUBYEAR+%3E+2020+AND+PUBYEAR+%3C+2026
2026-04-17 14:49:04,683 - elsapy.elsclient - INFO - Sending GET request to https://api.elsevier.com/content/search/scopus?query=AU-ID%28+57205413468%29+AND+PUBYEAR+%3E+2020+AND+PUBYEAR+%3C+2026
2026-04-17 14:49:05,535 - elsapy.utils - INFO - Converting prism:coverDate
2026-04-17 14:49:06,530 - elsapy.elsclient - INFO - Sending GET request to https://api.elsevier.com/content/search/scopus?query=AU-ID%28+23670791300%29+AND+PUBYEAR+%3E+2020+AND+PUBYEAR+%3C+2026
2026-04-17 14:49:07,419 - elsapy.utils - INFO - Converting prism:coverDate
2026-04-17 14:49:08,407 - elsapy.elsclient - INFO - Sending GET request to https://api.elsevier.com/content/search/scopus?query=AU-ID%28+57314548100%29+AND+PUBYEAR+%3E+2020+AND+PUBYEAR+%3C+2026
2026-04-17 14:49:08,886 - elsapy.utils - INFO - Converting prism:coverDate
2026-04-17 14:49:09,870 - elsapy.elsclient - INFO - Sending GET request to https://api.elsevier.com/content/search/scopus?query=AU-ID%28+7005003245%29+AND+PUBYEAR+%3E+2020+AND+PUBYEAR+%3C+2026
2026-04-17 14:49:11,235 - elsapy.elsclient - INFO - Sending GET request to https://api.elsevier.com/content/search/scopus?query=AU-ID%28+55963926800%29+AND+PUBYEAR+%3E+2020+AND+PUBYEAR+%3C+2026
2026-04-17 14:49:11,947 - elsapy.utils - INFO - Converting prism:coverDate
2026-04-17 16:09:51,437 - elsapy.elsclient - INFO - Module loaded.
2026-04-17 16:09:53,903 - elsapy.utils - INFO - Module loaded.
2026-04-17 16:09:53,911 - elsapy.elssearch - INFO - Module loaded.
2026-04-17 16:09:53,917 - elsapy.elsclient - INFO - Sending GET request to https://api.elsevier.com/content/search/author?query=AUTHLASTNAME%28Trepel%29+AND+AUTHFIRST%28Dominic%29
2026-04-17 16:09:56,175 - elsapy.elsclient - INFO - Sending GET request to https://api.elsevier.com/content/search/author?query=AUTHLASTNAME%28Leroi%29+AND+AUTHFIRST%28Iracema%29
2026-04-17 16:09:57,477 - elsapy.elsclient - INFO - Sending GET request to https://api.elsevier.com/content/search/author?query=AUTHLASTNAME%28McGrath%29+AND+AUTHFIRST%28Jane%29
2026-04-17 16:09:58,839 - elsapy.elsclient - INFO - Sending GET request to https://api.elsevier.com/content/search/author?query=AUTHLASTNAME%28Tobin%29+AND+AUTHFIRST%28Katy%29
2026-04-17 16:10:00,189 - elsapy.elsclient - INFO - Sending GET request to https://api.elsevier.com/content/search/author?query=AUTHLASTNAME%28Tsetos%29+AND+AUTHFIRST%28Konstantinos%29
2026-04-17 16:10:01,780 - elsapy.elsclient - INFO - Sending GET request to https://api.elsevier.com/content/search/author?query=AUTHLASTNAME%28Walsh%29+AND+AUTHFIRST%28Sean%29
2026-04-17 16:10:03,178 - elsapy.elsclient - INFO - Sending GET request to https://api.elsevier.com/content/search/author?query=AUTHLASTNAME%28Bishop%29+AND+AUTHFIRST%28Sonia%29
2026-04-17 16:10:04,535 - elsapy.elsclient - INFO - Sending GET request to https://api.elsevier.com/content/search/author?query=AUTHLASTNAME%28Vanneste%29+AND+AUTHFIRST%28Sven%29
2026-04-17 16:11:06,636 - elsapy.elsclient - INFO - Module loaded.
2026-04-17 16:11:07,013 - elsapy.utils - INFO - Module loaded.
2026-04-17 16:11:07,026 - elsapy.elssearch - INFO - Module loaded.
2026-04-17 16:11:07,641 - elsapy.elsclient - INFO - Sending GET request to https://api.elsevier.com/content/search/author?query=AUTHLASTNAME%28McGrath%29+AND+AUTHFIRST%28Jane%29+AND+AFFIL%28Trinity+College+Dublin%29
2026-04-17 16:11:08,964 - elsapy.elsclient - INFO - Sending GET request to https://api.elsevier.com/content/search/author?query=AUTHLASTNAME%28McGrath%29+AND+AUTHFIRST%28Jane%29
2026-04-17 16:11:10,613 - elsapy.elsclient - INFO - Sending GET request to https://api.elsevier.com/content/search/author?query=AUTHLASTNAME%28Froudist-Walsh%29+AND+AUTHFIRST%28Sean%29
2026-04-17 16:11:11,929 - elsapy.elsclient - INFO - Sending GET request to https://api.elsevier.com/content/search/author?query=AUTHLASTNAME%28Walsh%29+AND+AUTHFIRST%28Sean%29+AND+AFFIL%28New+York+University%29
2026-04-17 16:11:13,234 - elsapy.elsclient - INFO - Sending GET request to https://api.elsevier.com/content/search/author?query=AUTHLASTNAME%28Bishop%29+AND+AUTHFIRST%28Sonia%29
2026-04-17 16:17:00,215 - elsapy.elsclient - INFO - Module loaded.
2026-04-17 16:17:00,628 - elsapy.elsentity - INFO - Module loaded.
2026-04-17 16:17:00,641 - elsapy.utils - INFO - Module loaded.
2026-04-17 16:17:00,650 - elsapy.elsprofile - INFO - Module loaded.
2026-04-17 16:17:00,661 - elsapy.elsdoc - INFO - Module loaded.
2026-04-17 16:17:00,668 - elsapy.elssearch - INFO - Module loaded.
2026-04-17 16:17:01,220 - elsapy.elsclient - INFO - Sending GET request to https://api.elsevier.com/content/search/scopus?query=AU-ID%286602566280%29+AND+PUBYEAR+%3E+2020+AND+PUBYEAR+%3C+2026
2026-04-17 16:17:03,690 - elsapy.elsclient - INFO - Sending GET request to https://api.elsevier.com/content/search/scopus?start=25&count=25&query=AU-ID%286602566280%29+AND+PUBYEAR+%3E+2020+AND+PUBYEAR+%3C+2026
